0 info it worked if it ends with ok
1 verbose cli [ '/usr/local/Cellar/node/7.7.3/bin/node',
1 verbose cli   '/usr/local/bin/npm',
1 verbose cli   'install',
1 verbose cli   'node',
1 verbose cli   '--save' ]
2 info using npm@4.1.2
3 info using node@v7.7.3
4 silly loadCurrentTree Starting
5 silly install loadCurrentTree
6 silly install readLocalPackageData
7 silly fetchPackageMetaData node@7.7.3
8 silly fetchNamedPackageData node
9 silly mapToRegistry name node
10 silly mapToRegistry using default registry
11 silly mapToRegistry registry https://registry.npmjs.org/
12 silly mapToRegistry data Result {
12 silly mapToRegistry   raw: 'node',
12 silly mapToRegistry   scope: null,
12 silly mapToRegistry   escapedName: 'node',
12 silly mapToRegistry   name: 'node',
12 silly mapToRegistry   rawSpec: '',
12 silly mapToRegistry   spec: 'latest',
12 silly mapToRegistry   type: 'tag' }
13 silly mapToRegistry uri https://registry.npmjs.org/node
14 verbose request uri https://registry.npmjs.org/node
15 verbose request no auth needed
16 info attempt registry request try #1 at 3:47:20 PM
17 verbose request id 17f2610b4a7150fb
18 verbose etag W/"561c5238-43d"
19 verbose lastModified Tue, 13 Oct 2015 00:37:12 GMT
20 http request GET https://registry.npmjs.org/node
21 http 304 https://registry.npmjs.org/node
22 verbose headers { date: 'Fri, 24 Mar 2017 19:47:20 GMT',
22 verbose headers   via: '1.1 varnish',
22 verbose headers   'cache-control': 'max-age=300',
22 verbose headers   etag: 'W/"561c5238-43d"',
22 verbose headers   age: '0',
22 verbose headers   connection: 'keep-alive',
22 verbose headers   'x-served-by': 'cache-jfk8120-JFK',
22 verbose headers   'x-cache': 'HIT',
22 verbose headers   'x-cache-hits': '1',
22 verbose headers   'x-timer': 'S1490384840.341435,VS0,VE271',
22 verbose headers   vary: 'Accept-Encoding' }
23 silly get cb [ 304,
23 silly get   { date: 'Fri, 24 Mar 2017 19:47:20 GMT',
23 silly get     via: '1.1 varnish',
23 silly get     'cache-control': 'max-age=300',
23 silly get     etag: 'W/"561c5238-43d"',
23 silly get     age: '0',
23 silly get     connection: 'keep-alive',
23 silly get     'x-served-by': 'cache-jfk8120-JFK',
23 silly get     'x-cache': 'HIT',
23 silly get     'x-cache-hits': '1',
23 silly get     'x-timer': 'S1490384840.341435,VS0,VE271',
23 silly get     vary: 'Accept-Encoding' } ]
24 verbose etag https://registry.npmjs.org/node from cache
25 verbose get saving node to /Users/stephaniebarry/.npm/registry.npmjs.org/node/.cache.json
26 verbose correctMkdir /Users/stephaniebarry/.npm correctMkdir not in flight; initializing
27 silly pickManifestFromRegistryMetadata spec 7.7.3 tag latest versions [ '0.0.0' ]
28 silly fetchNamedPackageData No valid target from cache, forcing network
29 verbose request uri https://registry.npmjs.org/node
30 verbose request no auth needed
31 info attempt registry request try #1 at 3:47:20 PM
32 http request GET https://registry.npmjs.org/node
33 http 200 https://registry.npmjs.org/node
34 verbose headers { server: 'nginx/1.10.1',
34 verbose headers   'content-type': 'application/json',
34 verbose headers   'last-modified': 'Tue, 13 Oct 2015 00:37:12 GMT',
34 verbose headers   etag: 'W/"561c5238-43d"',
34 verbose headers   'content-encoding': 'gzip',
34 verbose headers   'cache-control': 'max-age=300',
34 verbose headers   'content-length': '550',
34 verbose headers   'accept-ranges': 'bytes',
34 verbose headers   date: 'Fri, 24 Mar 2017 19:47:20 GMT',
34 verbose headers   via: '1.1 varnish',
34 verbose headers   age: '0',
34 verbose headers   connection: 'keep-alive',
34 verbose headers   'x-served-by': 'cache-jfk8120-JFK',
34 verbose headers   'x-cache': 'HIT',
34 verbose headers   'x-cache-hits': '2',
34 verbose headers   'x-timer': 'S1490384840.684863,VS0,VE0',
34 verbose headers   vary: 'Accept-Encoding' }
35 silly get cb [ 200,
35 silly get   { server: 'nginx/1.10.1',
35 silly get     'content-type': 'application/json',
35 silly get     'last-modified': 'Tue, 13 Oct 2015 00:37:12 GMT',
35 silly get     etag: 'W/"561c5238-43d"',
35 silly get     'content-encoding': 'gzip',
35 silly get     'cache-control': 'max-age=300',
35 silly get     'content-length': '550',
35 silly get     'accept-ranges': 'bytes',
35 silly get     date: 'Fri, 24 Mar 2017 19:47:20 GMT',
35 silly get     via: '1.1 varnish',
35 silly get     age: '0',
35 silly get     connection: 'keep-alive',
35 silly get     'x-served-by': 'cache-jfk8120-JFK',
35 silly get     'x-cache': 'HIT',
35 silly get     'x-cache-hits': '2',
35 silly get     'x-timer': 'S1490384840.684863,VS0,VE0',
35 silly get     vary: 'Accept-Encoding' } ]
36 verbose get saving node to /Users/stephaniebarry/.npm/registry.npmjs.org/node/.cache.json
37 verbose correctMkdir /Users/stephaniebarry/.npm correctMkdir not in flight; initializing
38 silly pickManifestFromRegistryMetadata spec 7.7.3 tag latest versions [ '0.0.0' ]
39 silly fetchPackageMetaData Error: No compatible version found: node@7.7.3
39 silly fetchPackageMetaData Valid install targets:
39 silly fetchPackageMetaData 0.0.0
39 silly fetchPackageMetaData
39 silly fetchPackageMetaData     at pickVersionFromRegistryDocument (/usr/local/lib/node_modules/npm/lib/fetch-package-metadata.js:158:16)
39 silly fetchPackageMetaData     at /usr/local/lib/node_modules/npm/node_modules/iferr/index.js:13:50
39 silly fetchPackageMetaData     at /usr/local/lib/node_modules/npm/lib/utils/pulse-till-done.js:20:8
39 silly fetchPackageMetaData     at saved (/usr/local/lib/node_modules/npm/lib/cache/caching-client.js:174:7)
39 silly fetchPackageMetaData     at /usr/local/lib/node_modules/npm/node_modules/graceful-fs/polyfills.js:261:18
39 silly fetchPackageMetaData     at FSReqWrap.oncomplete (fs.js:114:15)
39 silly fetchPackageMetaData  error for node@7.7.3 { Error: No compatible version found: node@7.7.3
39 silly fetchPackageMetaData Valid install targets:
39 silly fetchPackageMetaData 0.0.0
39 silly fetchPackageMetaData
39 silly fetchPackageMetaData     at pickVersionFromRegistryDocument (/usr/local/lib/node_modules/npm/lib/fetch-package-metadata.js:158:16)
39 silly fetchPackageMetaData     at /usr/local/lib/node_modules/npm/node_modules/iferr/index.js:13:50
39 silly fetchPackageMetaData     at /usr/local/lib/node_modules/npm/lib/utils/pulse-till-done.js:20:8
39 silly fetchPackageMetaData     at saved (/usr/local/lib/node_modules/npm/lib/cache/caching-client.js:174:7)
39 silly fetchPackageMetaData     at /usr/local/lib/node_modules/npm/node_modules/graceful-fs/polyfills.js:261:18
39 silly fetchPackageMetaData     at FSReqWrap.oncomplete (fs.js:114:15) code: 'ETARGET' }
40 silly rollbackFailedOptional Starting
41 silly rollbackFailedOptional Finishing
42 silly runTopLevelLifecycles Finishing
43 silly install printInstalled
44 verbose stack Error: No compatible version found: node@7.7.3
44 verbose stack Valid install targets:
44 verbose stack 0.0.0
44 verbose stack
44 verbose stack     at pickVersionFromRegistryDocument (/usr/local/lib/node_modules/npm/lib/fetch-package-metadata.js:158:16)
44 verbose stack     at /usr/local/lib/node_modules/npm/node_modules/iferr/index.js:13:50
44 verbose stack     at /usr/local/lib/node_modules/npm/lib/utils/pulse-till-done.js:20:8
44 verbose stack     at saved (/usr/local/lib/node_modules/npm/lib/cache/caching-client.js:174:7)
44 verbose stack     at /usr/local/lib/node_modules/npm/node_modules/graceful-fs/polyfills.js:261:18
44 verbose stack     at FSReqWrap.oncomplete (fs.js:114:15)
45 verbose cwd /Users/stephaniebarry/Documents/Projects/crushing-day/crushing-day-app
46 error Darwin 16.0.0
47 error argv "/usr/local/Cellar/node/7.7.3/bin/node" "/usr/local/bin/npm" "install" "node" "--save"
48 error node v7.7.3
49 error npm  v4.1.2
50 error code ETARGET
51 error notarget No compatible version found: node@7.7.3
51 error notarget Valid install targets:
51 error notarget 0.0.0
52 error notarget This is most likely not a problem with npm itself.
52 error notarget In most cases you or one of your dependencies are requesting
52 error notarget a package version that doesn't exist.
53 verbose exit [ 1, true ]
